# JRE version: Java(TM) SE Runtime Environment (8.0-b132) (build 1.8.0-b132)
# Java VM: Java HotSpot(TM) 64-Bit Server VM (25.0-b70 mixed mode windows-amd64 compressed oops)
Heap:
 PSYoungGen      total 56320K, used 5644K [0x00000000d6e00000, 0x00000000db180000, 0x0000000100000000)
  eden space 52736K, 3% used [0x00000000d6e00000,0x00000000d7009690,0x00000000da180000)
  from space 3584K, 99% used [0x00000000da800000,0x00000000dab79c68,0x00000000dab80000)
  to   space 6656K, 0% used [0x00000000da180000,0x00000000da180000,0x00000000da800000)
 ParOldGen       total 125440K, used 13865K [0x0000000084a00000, 0x000000008c480000, 0x00000000d6e00000)
  object space 125440K, 11% used [0x0000000084a00000,0x000000008578a638,0x000000008c480000)
 Metaspace       used 19734K, capacity 20172K, committed 20224K, reserved 1067008K
  class space    used 2414K, capacity 2542K, committed 2560K, reserved 1048576K
GC Heap History (10 events):
Event: 1.206 GC heap before
{Heap before GC invocations=12 (full 0):
 PSYoungGen      total 14848K, used 14827K [0x00000000d6e00000, 0x00000000d8800000, 0x0000000100000000)
  eden space 13312K, 100% used [0x00000000d6e00000,0x00000000d7b00000,0x00000000d7b00000)
  from space 1536K, 98% used [0x00000000d7b00000,0x00000000d7c7af08,0x00000000d7c80000)
  to   space 2560K, 0% used [0x00000000d8580000,0x00000000d8580000,0x00000000d8800000)
 ParOldGen       total 125440K, used 3220K [0x0000000084a00000, 0x000000008c480000, 0x00000000d6e00000)
  object space 125440K, 2% used [0x0000000084a00000,0x0000000084d25290,0x000000008c480000)
 Metaspace       used 10898K, capacity 11118K, committed 11264K, reserved 1058816K
  class space    used 1420K, capacity 1511K, committed 1536K, reserved 1048576K
Event: 1.209 GC heap after
Heap after GC invocations=12 (full 0):
 PSYoungGen      total 24064K, used 2336K [0x00000000d6e00000, 0x00000000d8800000, 0x0000000100000000)
  eden space 21504K, 0% used [0x00000000d6e00000,0x00000000d6e00000,0x00000000d8300000)
  from space 2560K, 91% used [0x00000000d8580000,0x00000000d87c8178,0x00000000d8800000)
  to   space 2560K, 0% used [0x00000000d8300000,0x00000000d8300000,0x00000000d8580000)
 ParOldGen       total 125440K, used 3740K [0x0000000084a00000, 0x000000008c480000, 0x00000000d6e00000)
  object space 125440K, 2% used [0x0000000084a00000,0x0000000084da7290,0x000000008c480000)
 Metaspace       used 10898K, capacity 11118K, committed 11264K, reserved 1058816K
  class space    used 1420K, capacity 1511K, committed 1536K, reserved 1048576K
}
Event: 1.783 GC heap before
{Heap before GC invocations=13 (full 0):
 PSYoungGen      total 24064K, used 23840K [0x00000000d6e00000, 0x00000000d8800000, 0x0000000100000000)
  eden space 21504K, 100% used [0x00000000d6e00000,0x00000000d8300000,0x00000000d8300000)
  from space 2560K, 91% used [0x00000000d8580000,0x00000000d87c8178,0x00000000d8800000)
  to   space 2560K, 0% used [0x00000000d8300000,0x00000000d8300000,0x00000000d8580000)
 ParOldGen       total 125440K, used 3740K [0x0000000084a00000, 0x000000008c480000, 0x00000000d6e00000)
  object space 125440K, 2% used [0x0000000084a00000,0x0000000084da7290,0x000000008c480000)
 Metaspace       used 13139K, capacity 13362K, committed 13568K, reserved 1060864K
  class space    used 1665K, capacity 1741K, committed 1792K, reserved 1048576K
Event: 1.799 GC heap after
Heap after GC invocations=13 (full 0):
 PSYoungGen      total 24064K, used 2537K [0x00000000d6e00000, 0x00000000d9700000, 0x0000000100000000)
  eden space 21504K, 0% used [0x00000000d6e00000,0x00000000d6e00000,0x00000000d8300000)
  from space 2560K, 99% used [0x00000000d8300000,0x00000000d857a718,0x00000000d8580000)
  to   space 3584K, 0% used [0x00000000d9380000,0x00000000d9380000,0x00000000d9700000)
 ParOldGen       total 125440K, used 5243K [0x0000000084a00000, 0x000000008c480000, 0x00000000d6e00000)
  object space 125440K, 4% used [0x0000000084a00000,0x0000000084f1eda0,0x000000008c480000)
 Metaspace       used 13139K, capacity 13362K, committed 13568K, reserved 1060864K
  class space    used 1665K, capacity 1741K, committed 1792K, reserved 1048576K
}
Event: 2.508 GC heap before
{Heap before GC invocations=14 (full 0):
 PSYoungGen      total 24064K, used 24041K [0x00000000d6e00000, 0x00000000d9700000, 0x0000000100000000)
  eden space 21504K, 100% used [0x00000000d6e00000,0x00000000d8300000,0x00000000d8300000)
  from space 2560K, 99% used [0x00000000d8300000,0x00000000d857a718,0x00000000d8580000)
  to   space 3584K, 0% used [0x00000000d9380000,0x00000000d9380000,0x00000000d9700000)
 ParOldGen       total 125440K, used 5243K [0x0000000084a00000, 0x000000008c480000, 0x00000000d6e00000)
  object space 125440K, 4% used [0x0000000084a00000,0x0000000084f1eda0,0x000000008c480000)
 Metaspace       used 13878K, capacity 14210K, committed 14464K, reserved 1062912K
  class space    used 1747K, capacity 1853K, committed 1920K, reserved 1048576K
Event: 2.516 GC heap after
Heap after GC invocations=14 (full 0):
 PSYoungGen      total 38400K, used 1708K [0x00000000d6e00000, 0x00000000d9700000, 0x0000000100000000)
  eden space 34816K, 0% used [0x00000000d6e00000,0x00000000d6e00000,0x00000000d9000000)
  from space 3584K, 47% used [0x00000000d9380000,0x00000000d952b050,0x00000000d9700000)
  to   space 3584K, 0% used [0x00000000d9000000,0x00000000d9000000,0x00000000d9380000)
 ParOldGen       total 125440K, used 6955K [0x0000000084a00000, 0x000000008c480000, 0x00000000d6e00000)
  object space 125440K, 5% used [0x0000000084a00000,0x00000000850cadb0,0x000000008c480000)
 Metaspace       used 13878K, capacity 14210K, committed 14464K, reserved 1062912K
  class space    used 1747K, capacity 1853K, committed 1920K, reserved 1048576K
}
Event: 3.403 GC heap before
{Heap before GC invocations=15 (full 0):
 PSYoungGen      total 38400K, used 36524K [0x00000000d6e00000, 0x00000000d9700000, 0x0000000100000000)
  eden space 34816K, 100% used [0x00000000d6e00000,0x00000000d9000000,0x00000000d9000000)
  from space 3584K, 47% used [0x00000000d9380000,0x00000000d952b050,0x00000000d9700000)
  to   space 3584K, 0% used [0x00000000d9000000,0x00000000d9000000,0x00000000d9380000)
 ParOldGen       total 125440K, used 6955K [0x0000000084a00000, 0x000000008c480000, 0x00000000d6e00000)
  object space 125440K, 5% used [0x0000000084a00000,0x00000000850cadb0,0x000000008c480000)
 Metaspace       used 17225K, capacity 17574K, committed 17792K, reserved 1064960K
  class space    used 2196K, capacity 2317K, committed 2432K, reserved 1048576K
Event: 3.416 GC heap after
Heap after GC invocations=15 (full 0):
 PSYoungGen      total 38400K, used 2343K [0x00000000d6e00000, 0x00000000dab80000, 0x0000000100000000)
  eden space 34816K, 0% used [0x00000000d6e00000,0x00000000d6e00000,0x00000000d9000000)
  from space 3584K, 65% used [0x00000000d9000000,0x00000000d9249d18,0x00000000d9380000)
  to   space 3584K, 0% used [0x00000000da800000,0x00000000da800000,0x00000000dab80000)
 ParOldGen       total 125440K, used 7931K [0x0000000084a00000, 0x000000008c480000, 0x00000000d6e00000)
  object space 125440K, 6% used [0x0000000084a00000,0x00000000851bedb0,0x000000008c480000)
 Metaspace       used 17225K, capacity 17574K, committed 17792K, reserved 1064960K
  class space    used 2196K, capacity 2317K, committed 2432K, reserved 1048576K
}
Event: 4.454 GC heap before
{Heap before GC invocations=16 (full 0):
 PSYoungGen      total 38400K, used 37159K [0x00000000d6e00000, 0x00000000dab80000, 0x0000000100000000)
  eden space 34816K, 100% used [0x00000000d6e00000,0x00000000d9000000,0x00000000d9000000)
  from space 3584K, 65% used [0x00000000d9000000,0x00000000d9249d18,0x00000000d9380000)
  to   space 3584K, 0% used [0x00000000da800000,0x00000000da800000,0x00000000dab80000)
 ParOldGen       total 125440K, used 7931K [0x0000000084a00000, 0x000000008c480000, 0x00000000d6e00000)
  object space 125440K, 6% used [0x0000000084a00000,0x00000000851bedb0,0x000000008c480000)
 Metaspace       used 19688K, capacity 20102K, committed 20224K, reserved 1067008K
  class space    used 2411K, capacity 2541K, committed 2560K, reserved 1048576K
Event: 4.475 GC heap after
Heap after GC invocations=16 (full 0):
 PSYoungGen      total 56320K, used 3559K [0x00000000d6e00000, 0x00000000db180000, 0x0000000100000000)
  eden space 52736K, 0% used [0x00000000d6e00000,0x00000000d6e00000,0x00000000da180000)
  from space 3584K, 99% used [0x00000000da800000,0x00000000dab79c68,0x00000000dab80000)
  to   space 6656K, 0% used [0x00000000da180000,0x00000000da180000,0x00000000da800000)
 ParOldGen       total 125440K, used 13865K [0x0000000084a00000, 0x000000008c480000, 0x00000000d6e00000)
  object space 125440K, 11% used [0x0000000084a00000,0x000000008578a638,0x000000008c480000)
 Metaspace       used 19688K, capacity 20102K, committed 20224K, reserved 1067008K
  class space    used 2411K, capacity 2541K, committed 2560K, reserved 1048576K
}

